
*** Imported 9 new test cases from: ../../mopt-dict-L5-uniq//queue

[+] AFL test case: id:000000,orig:TODO (0 / 9), cycle: 0
    lines......: 0.5% (194 of 41677 lines)
    functions..: 0.9% (22 of 2330 functions)

    Coverage diff (init) id:000000,orig:TODO
diff (init) -> id:000000,orig:TODO
New src file: /home/ubuntu/lava_corpus/LAVA-M/uniq/coreutils-8.24-lava-safe-gcov/lib/close-stream.c
  New 'function' coverage: close_stream()
  New 'line' coverage: 57
  New 'line' coverage: 59
  New 'line' coverage: 60
  New 'line' coverage: 61
  New 'line' coverage: 71
  New 'line' coverage: 78
New src file: /home/ubuntu/lava_corpus/LAVA-M/uniq/coreutils-8.24-lava-safe-gcov/lib/linebuffer.c
  New 'function' coverage: initbuffer()
  New 'function' coverage: readlinebuffer_delim()
  New 'line' coverage: 104
  New 'line' coverage: 105
  New 'line' coverage: 106
  New 'line' coverage: 107
  New 'line' coverage: 109
  New 'line' coverage: 111
  New 'line' coverage: 113
  New 'line' coverage: 114
  New 'line' coverage: 39
  New 'line' coverage: 41
  New 'line' coverage: 42
  New 'line' coverage: 61
  New 'line' coverage: 65
  New 'line' coverage: 66
  New 'line' coverage: 67
  New 'line' coverage: 69
  New 'line' coverage: 74
  New 'line' coverage: 75
  New 'line' coverage: 77
  New 'line' coverage: 78
  New 'line' coverage: 83
  New 'line' coverage: 85
  New 'line' coverage: 86
  New 'line' coverage: 94
New src file: /home/ubuntu/lava_corpus/LAVA-M/uniq/coreutils-8.24-lava-safe-gcov/lib/fadvise.c
  New 'function' coverage: fadvise()
  New 'function' coverage: fdadvise()
  New 'line' coverage: 31
  New 'line' coverage: 34
  New 'line' coverage: 36
  New 'line' coverage: 39
  New 'line' coverage: 41
  New 'line' coverage: 42
  New 'line' coverage: 43
New src file: /home/ubuntu/lava_corpus/LAVA-M/uniq/coreutils-8.24-lava-safe-gcov/src/uniq.c
  New 'function' coverage: check_file()
  New 'function' coverage: different()
  New 'function' coverage: find_field()
  New 'function' coverage: lava_get()
  New 'function' coverage: main()
  New 'function' coverage: writeline()
  New 'line' coverage: 10
  New 'line' coverage: 11
  New 'line' coverage: 18
  New 'line' coverage: 273
  New 'line' coverage: 276
  New 'line' coverage: 277
  New 'line' coverage: 278
  New 'line' coverage: 280
  New 'line' coverage: 288
  New 'line' coverage: 290
  New 'line' coverage: 299
  New 'line' coverage: 301
  New 'line' coverage: 303
  New 'line' coverage: 306
  New 'line' coverage: 311
  New 'line' coverage: 312
  New 'line' coverage: 324
  New 'line' coverage: 327
  New 'line' coverage: 330
  New 'line' coverage: 342
  New 'line' coverage: 347
  New 'line' coverage: 349
  New 'line' coverage: 352
  New 'line' coverage: 354
  New 'line' coverage: 355
  New 'line' coverage: 357
  New 'line' coverage: 358
  New 'line' coverage: 375
  New 'line' coverage: 460
  New 'line' coverage: 461
  New 'line' coverage: 463
  New 'line' coverage: 465
  New 'line' coverage: 466
  New 'line' coverage: 468
  New 'line' coverage: 473
  New 'line' coverage: 475
  New 'line' coverage: 477
  New 'line' coverage: 479
  New 'line' coverage: 480
  New 'line' coverage: 481
  New 'line' coverage: 482
  New 'line' coverage: 484
  New 'line' coverage: 491
  New 'line' coverage: 507
  New 'line' coverage: 509
  New 'line' coverage: 510
  New 'line' coverage: 511
  New 'line' coverage: 512
  New 'line' coverage: 513
  New 'line' coverage: 514
  New 'line' coverage: 518
  New 'line' coverage: 521
  New 'line' coverage: 522
  New 'line' coverage: 527
  New 'line' coverage: 528
  New 'line' coverage: 529
  New 'line' coverage: 539
  New 'line' coverage: 541
  New 'line' coverage: 542
  New 'line' coverage: 543
  New 'line' coverage: 544
  New 'line' coverage: 546
  New 'line' coverage: 547
  New 'line' coverage: 549
  New 'line' coverage: 551
  New 'line' coverage: 552
  New 'line' coverage: 553
  New 'line' coverage: 554
  New 'line' coverage: 555
  New 'line' coverage: 557
  New 'line' coverage: 559
  New 'line' coverage: 560
  New 'line' coverage: 561
  New 'line' coverage: 562
  New 'line' coverage: 563
  New 'line' coverage: 564
  New 'line' coverage: 565
  New 'line' coverage: 573
  New 'line' coverage: 574
  New 'line' coverage: 575
  New 'line' coverage: 579
  New 'line' coverage: 580
  New 'line' coverage: 588
  New 'line' coverage: 634
  New 'line' coverage: 635
  New 'line' coverage: 636
  New 'line' coverage: 637
  New 'line' coverage: 702
  New 'line' coverage: 708
  New 'line' coverage: 715
  New 'line' coverage: 722
  New 'line' coverage: 724
  New 'line' coverage: 8
New src file: /home/ubuntu/lava_corpus/LAVA-M/uniq/coreutils-8.24-lava-safe-gcov/lib/hard-locale.c
  New 'function' coverage: hard_locale()
  New 'line' coverage: 38
  New 'line' coverage: 40
  New 'line' coverage: 41
  New 'line' coverage: 43
  New 'line' coverage: 47
  New 'line' coverage: 71
New src file: /home/ubuntu/lava_corpus/LAVA-M/uniq/coreutils-8.24-lava-safe-gcov/lib/progname.c
  New 'function' coverage: set_program_name()
  New 'line' coverage: 39
  New 'line' coverage: 51
  New 'line' coverage: 59
  New 'line' coverage: 60
  New 'line' coverage: 61
  New 'line' coverage: 84
  New 'line' coverage: 90
  New 'line' coverage: 92
New src file: /home/ubuntu/lava_corpus/LAVA-M/uniq/coreutils-8.24-lava-safe-gcov/lib/memcoll.c
  New 'function' coverage: memcoll()
  New 'function' coverage: strcoll_loop()
  New 'line' coverage: 35
  New 'line' coverage: 39
  New 'line' coverage: 57
  New 'line' coverage: 66
  New 'line' coverage: 74
  New 'line' coverage: 81
  New 'line' coverage: 82
  New 'line' coverage: 84
  New 'line' coverage: 85
  New 'line' coverage: 87
  New 'line' coverage: 89
  New 'line' coverage: 90
  New 'line' coverage: 93
New src file: /home/ubuntu/lava_corpus/LAVA-M/uniq/coreutils-8.24-lava-safe-gcov/lib/stdio.h
  New 'function' coverage: rpl_fclose()
  New 'function' coverage: rpl_fflush()
  New 'line' coverage: 486
  New 'line' coverage: 530
New src file: /home/ubuntu/lava_corpus/LAVA-M/uniq/coreutils-8.24-lava-safe-gcov/lib/fflush.c
  New 'line' coverage: 149
  New 'line' coverage: 150
New src file: /home/ubuntu/lava_corpus/LAVA-M/uniq/coreutils-8.24-lava-safe-gcov/lib/fclose.c
  New 'line' coverage: 104
  New 'line' coverage: 110
  New 'line' coverage: 59
  New 'line' coverage: 61
  New 'line' coverage: 64
  New 'line' coverage: 65
  New 'line' coverage: 71
  New 'line' coverage: 72
  New 'line' coverage: 99
New src file: /home/ubuntu/lava_corpus/LAVA-M/uniq/coreutils-8.24-lava-safe-gcov/lib/xmemcoll.c
  New 'function' coverage: xmemcoll()
  New 'line' coverage: 54
  New 'line' coverage: 56
  New 'line' coverage: 57
  New 'line' coverage: 58
  New 'line' coverage: 60
New src file: /home/ubuntu/lava_corpus/LAVA-M/uniq/coreutils-8.24-lava-safe-gcov/lib/xmalloc.c
  New 'function' coverage: x2realloc()
  New 'function' coverage: xrealloc()
  New 'line' coverage: 52
  New 'line' coverage: 54
  New 'line' coverage: 62
  New 'line' coverage: 63
  New 'line' coverage: 65
  New 'line' coverage: 75
  New 'line' coverage: 77
New src file: /home/ubuntu/lava_corpus/LAVA-M/uniq/coreutils-8.24-lava-safe-gcov/lib/xalloc.h
  New 'function' coverage: x2nrealloc()
  New 'line' coverage: 179
  New 'line' coverage: 181
  New 'line' coverage: 183
  New 'line' coverage: 185
  New 'line' coverage: 193
  New 'line' coverage: 194
  New 'line' coverage: 208
  New 'line' coverage: 209
New src file: /home/ubuntu/lava_corpus/LAVA-M/uniq/coreutils-8.24-lava-safe-gcov/lib/closeout.c
  New 'function' coverage: close_stdout()
  New 'line' coverage: 107
  New 'line' coverage: 109
  New 'line' coverage: 122
  New 'line' coverage: 124

[+] AFL test case: id:000001,src:000000,op:flip1,pos:125,+cov (1 / 9), cycle: 0
    lines......: 0.5% (213 of 41677 lines)
    functions..: 1.0% (23 of 2330 functions)

    Coverage diff id:000000,orig:TODO id:000001,src:000000,op:flip1,pos:125,+cov
diff id:000000,orig:TODO -> id:000001,src:000000,op:flip1,pos:125,+cov
Src file: /home/ubuntu/lava_corpus/LAVA-M/uniq/coreutils-8.24-lava-safe-gcov/lib/linebuffer.c
  New 'line' coverage: 100
  New 'line' coverage: 101
  New 'line' coverage: 102
  New 'line' coverage: 103
  New 'line' coverage: 87
  New 'line' coverage: 88
  New 'line' coverage: 89
  New 'line' coverage: 90
  New 'line' coverage: 91
  New 'line' coverage: 92
  New 'line' coverage: 93
  New 'line' coverage: 95
  New 'line' coverage: 96
  New 'line' coverage: 97
  New 'line' coverage: 98
  New 'line' coverage: 99
Src file: /home/ubuntu/lava_corpus/LAVA-M/uniq/coreutils-8.24-lava-safe-gcov/src/uniq.c
  New 'function' coverage: lava_set()
  New 'line' coverage: 6
Src file: /home/ubuntu/lava_corpus/LAVA-M/uniq/coreutils-8.24-lava-safe-gcov/lib/xalloc.h
  New 'line' coverage: 203
  New 'line' coverage: 205

[+] AFL test case: id:000002,src:000000,op:flip1,pos:198,+cov (2 / 9), cycle: 0
    lines......: 0.5% (213 of 41677 lines)
    functions..: 1.0% (23 of 2330 functions)
[+] AFL test case: id:000003,src:000000,op:flip1,pos:340,+cov (3 / 9), cycle: 0
    lines......: 0.5% (221 of 41677 lines)
    functions..: 1.0% (23 of 2330 functions)

    Coverage diff id:000002,src:000000,op:flip1,pos:198,+cov id:000003,src:000000,op:flip1,pos:340,+cov
diff id:000002,src:000000,op:flip1,pos:198,+cov -> id:000003,src:000000,op:flip1,pos:340,+cov
Src file: /home/ubuntu/lava_corpus/LAVA-M/uniq/coreutils-8.24-lava-safe-gcov/lib/memcoll.c
  New 'line' coverage: 44
  New 'line' coverage: 45
  New 'line' coverage: 46
  New 'line' coverage: 47
  New 'line' coverage: 48
  New 'line' coverage: 49
  New 'line' coverage: 51
  New 'line' coverage: 52

[+] AFL test case: id:000004,src:000000,op:flip1,pos:1971,+cov (4 / 9), cycle: 0
    lines......: 0.5% (223 of 41677 lines)
    functions..: 1.0% (23 of 2330 functions)

    Coverage diff id:000003,src:000000,op:flip1,pos:340,+cov id:000004,src:000000,op:flip1,pos:1971,+cov
diff id:000003,src:000000,op:flip1,pos:340,+cov -> id:000004,src:000000,op:flip1,pos:1971,+cov
Src file: /home/ubuntu/lava_corpus/LAVA-M/uniq/coreutils-8.24-lava-safe-gcov/lib/memcoll.c
  New 'line' coverage: 53
  New 'line' coverage: 54

[+] AFL test case: id:000005,src:000000,op:flip1,pos:3420 (5 / 9), cycle: 0
    lines......: 0.5% (223 of 41677 lines)
    functions..: 1.0% (23 of 2330 functions)
[+] AFL test case: id:000006,src:000000,op:flip1,pos:5667,+cov (6 / 9), cycle: 0
    lines......: 0.5% (225 of 41677 lines)
    functions..: 1.0% (23 of 2330 functions)

    Coverage diff id:000005,src:000000,op:flip1,pos:3420 id:000006,src:000000,op:flip1,pos:5667,+cov
diff id:000005,src:000000,op:flip1,pos:3420 -> id:000006,src:000000,op:flip1,pos:5667,+cov
Src file: /home/ubuntu/lava_corpus/LAVA-M/uniq/coreutils-8.24-lava-safe-gcov/lib/linebuffer.c
  New 'line' coverage: 79
  New 'line' coverage: 81

[+] AFL test case: id:000007,src:000000,op:flip4,pos:4230,+cov (7 / 9), cycle: 0
    lines......: 0.6% (230 of 41677 lines)
    functions..: 1.0% (23 of 2330 functions)

    Coverage diff id:000006,src:000000,op:flip1,pos:5667,+cov id:000007,src:000000,op:flip4,pos:4230,+cov
diff id:000006,src:000000,op:flip1,pos:5667,+cov -> id:000007,src:000000,op:flip4,pos:4230,+cov
Src file: /home/ubuntu/lava_corpus/LAVA-M/uniq/coreutils-8.24-lava-safe-gcov/src/uniq.c
  New 'line' coverage: 328
  New 'line' coverage: 332
  New 'line' coverage: 335
Src file: /home/ubuntu/lava_corpus/LAVA-M/uniq/coreutils-8.24-lava-safe-gcov/lib/memcoll.c
  New 'line' coverage: 76
  New 'line' coverage: 77

[+] AFL test case: id:000008,src:000000,op:ext_UO,pos:121 (8 / 9), cycle: 0
    lines......: 0.6% (230 of 41677 lines)
    functions..: 1.0% (23 of 2330 functions)
[+] Processed 9 / 9 test cases.

[+] Final zero coverage report: ../../mopt-dict-L5-uniq//cov/zero-cov
[+] Final positive coverage report: ../../mopt-dict-L5-uniq//cov/pos-cov
    lines......: 0.6% (230 of 41677 lines)
    functions..: 1.0% (23 of 2330 functions)
    Non-zero exit status '2' for CMD: /usr/bin/genhtml --output-directory ../../mopt-dict-L5-uniq//cov/web ../../mopt-dict-L5-uniq//cov/lcov/trace.lcov_info_final
Reading data file ../../mopt-dict-L5-uniq//cov/lcov/trace.lcov_info_final
Found 354 entries.
Found common filename prefix "/home/ubuntu/lava_corpus/LAVA-M/uniq/coreutils-8.24-lava-safe-gcov"
Writing .css and .png files.
Generating output.
Processing file lib/gethrxtime.c
Processing file lib/randint.h
Processing file lib/strftime.copy.c
Processing file lib/xstrtol-error.c
Processing file lib/fdutimensat.c
Processing file lib/acl-internal.c
Processing file lib/areadlink-with-size.c
Processing file lib/printf-args.c
Processing file lib/xmalloc.c
Processing file lib/fts.c
Processing file lib/gettime.c
Processing file lib/closein.c
Processing file lib/qset-acl.c
Processing file lib/striconv.c
Processing file lib/fcntl.h
Processing file lib/fd-safer.c
Processing file lib/pipe-safer.c
Processing file lib/fts-cycle.copy.c
Processing file lib/filenamecat.c
Processing file lib/xfts.c
Processing file lib/xstrtol.c
Processing file lib/linebuffer.c
Processing file lib/modechange.c
Processing file lib/copy-acl.c
Processing file lib/freadseek.c
Processing file lib/idcache.c
Processing file lib/freadptr.c
Processing file lib/fseterr.c
Processing file lib/fcntl.c
Processing file lib/sig-handler.h
Processing file lib/root-dev-ino.c
Processing file lib/parse-datetime.c
Processing file lib/priv-set.h
Processing file lib/asnprintf.c
Processing file lib/qcopy-acl.c
Processing file lib/fseeko.c
Processing file lib/vasnprintf.c
Processing file lib/creat-safer.c
Processing file lib/safe-read.copy1.c
Processing file lib/progname.c
Processing file lib/canonicalize.c
Processing file lib/strnlen1.c
Processing file lib/timespec.h
Processing file lib/gl_xlist.h
Processing file lib/gl_anylinked_list2.h
Processing file lib/stat-time.h
Processing file lib/canon-host.c
Processing file lib/xgetcwd.c
Processing file lib/openat-proc.c
Processing file lib/argv-iter.c
Processing file lib/strnumcmp-in.h
Processing file lib/human.c
Processing file lib/posixtm.c
Processing file lib/utimens.c
Processing file lib/rand-isaac.c
Processing file lib/openat-safer.c
Processing file lib/nanosleep.c
Processing file lib/gl_list.h
Processing file lib/futimens.c
Processing file lib/strnumcmp.c
Processing file lib/long-options.c
Processing file lib/c-strtod.copy.c
Processing file lib/careadlinkat.c
Processing file lib/full-write.c
Processing file lib/xtime.h
Processing file lib/hard-locale.c
Processing file lib/dirchownmod.c
Processing file lib/sha512.c
Processing file lib/md5.c
Processing file lib/filevercmp.c
Processing file lib/unicodeio.c
Processing file lib/at-func.copy1.c
Processing file lib/safe-read.c
Processing file lib/file-type.c
Processing file lib/c-ctype.c
Processing file lib/freadahead.c
Processing file lib/ftoastr.copy2.c
Processing file lib/mbslen.c
Processing file lib/strintcmp.c
Processing file lib/argmatch.c
Processing file lib/printf-frexp.c
Processing file lib/areadlinkat.c
Processing file lib/tempname.c
Processing file lib/closeout.c
Processing file lib/ftoastr.c
Processing file lib/anytostr.copy5.c
Processing file lib/stripslash.c
Processing file lib/ftoastr.copy.c
Processing file lib/xalloc.h
Processing file lib/mgetgroups.c
Processing file lib/filemode.c
Processing file lib/xalloc-die.c
Processing file lib/sockets.c
Processing file lib/set-acl.c
Processing file lib/basename-lgpl.c
Processing file lib/xsize.h
Processing file lib/posixver.c
Processing file lib/quotearg.c
Processing file lib/hash-triple.c
Processing file lib/xstrtol.copy3.c
Processing file lib/fadvise.c
Processing file lib/c-strncasecmp.c
Processing file lib/dup-safer-flag.c
Processing file lib/xreadlink.c
Processing file lib/buffer-lcm.c
Processing file lib/anytostr.copy2.c
Processing file lib/xgethostname.c
Processing file lib/mbuiter.h
Processing file lib/yesno.c
Processing file lib/memcasecmp.c
Processing file lib/malloca.c
Processing file lib/printf-parse.c
Processing file lib/freopen-safer.c
Processing file lib/di-set.c
Processing file lib/cloexec.c
Processing file lib/memchr2.c
Processing file lib/anytostr.copy1.c
Processing file lib/dirname.c
Processing file lib/settime.c
Processing file lib/randperm.c
Processing file lib/fflush.c
Processing file lib/memcoll.c
Processing file lib/fd-reopen.c
Processing file lib/get-permissions.c
Processing file lib/base64.c
Processing file lib/xfreopen.c
Processing file lib/readtokens.c
Processing file lib/xstrtol.copy.c
Processing file lib/xgetgroups.c
Processing file lib/xprintf.c
Processing file lib/fclose.c
Processing file lib/write-any-file.c
Processing file lib/sha1.c
Processing file lib/chdir-long.c
Processing file lib/getndelim2.c
Processing file lib/fsusage.c
Processing file lib/sig2str.c
Processing file lib/mbswidth.c
Processing file lib/heap.c
Processing file lib/opendir-safer.c
Processing file lib/verror.c
Processing file lib/hash-pjw.c
Processing file lib/getpass.c
Processing file lib/getugroups.c
Processing file lib/areadlink.c
Processing file lib/anytostr.copy4.c
Processing file lib/open-safer.c
Processing file lib/randint.c
Processing file lib/ino-map.c
Processing file lib/mbchar.h
Processing file lib/hash.c
Processing file lib/mbscasecmp.c
Processing file lib/bitrotate.h
Processing file lib/mkstemp-safer.c
Processing file lib/fd-safer-flag.c
Processing file lib/backupfile.c
Processing file lib/dup-safer.c
Processing file lib/full-write.copy.c
Processing file lib/memcmp2.c
Processing file lib/xdectoint.copy2.c
Processing file lib/at-func.copy4.c
Processing file lib/xstrtod.c
Processing file lib/string.h
Processing file lib/trim.c
Processing file lib/fseek.c
Processing file lib/physmem.c
Processing file lib/mbsstr.c
Processing file lib/xstrtol.copy2.c
Processing file lib/savedir.c
Processing file lib/same.c
Processing file lib/exclude.c
Processing file lib/anytostr.copy3.c
Processing file lib/fpurge.c
Processing file lib/xvasprintf.c
Processing file lib/c-strcasecmp.c
Processing file lib/set-permissions.c
Processing file lib/savewd.h
Processing file lib/savewd.c
Processing file lib/at-func.copy3.c
Processing file lib/mkdir-p.c
Processing file lib/randread.c
Processing file lib/xasprintf.c
Processing file lib/save-cwd.c
Processing file lib/utimensat.c
Processing file lib/version-etc.c
Processing file lib/readutmp.c
Processing file lib/openat-die.c
Processing file lib/dirname-lgpl.c
Processing file lib/file-has-acl.c
Processing file lib/acl-errno-valid.c
Processing file lib/read-file.c
Processing file lib/xnanosleep.c
Processing file lib/obstack.c
Processing file lib/mountlist.c
Processing file lib/filenamecat-lgpl.c
Processing file lib/xstriconv.c
Processing file lib/nproc.c
Processing file lib/stdio.h
Processing file lib/at-func.copy2.c
Processing file lib/utimecmp.c
Processing file lib/c-strtod.c
Processing file lib/propername.c
Processing file lib/i-ring.c
Processing file lib/xmemcoll.c
Processing file lib/xdectoint.copy1.c
Processing file lib/localcharset.c
Processing file lib/openat.h
Processing file lib/xstrndup.c
Processing file lib/sha256.c
Processing file lib/str-kmp.h
Processing file lib/mpsort.c
Processing file lib/isapipe.c
Processing file lib/dtotimespec.c
Processing file lib/xstrtod.copy1.c
Processing file lib/close-stream.c
Processing file lib/basename.c
Processing file lib/file-set.c
Processing file lib/strftime.c
Processing file lib/utimens.h
Processing file lib/readtokens0.c
Processing file lib/mkancesdirs.c
Processing file lib/fopen-safer.c
Processing file lib/cycle-check.c
Processing file lib/mbiter.h
Processing file lib/at-func.copy5.c
Processing file lib/smack.h
Processing file lib/mbsalign.c
Processing file lib/userspec.c
Processing file lib/glthread/lock.c
genhtml: ERROR: cannot read /home/ubuntu/lava_corpus/LAVA-M/uniq/coreutils-8.24-lava-safe-gcov/lib/lib/parse-datetime.y
Processing file lib/lib/parse-datetime.y
[+] Final lcov web report: ../../mopt-dict-L5-uniq//cov/web/index.html
