    Non-zero exit status '1' for CMD: /usr/bin/lcov --no-checksum --capture --initial --directory .. --output-file ../../mopt-empty2-base64//cov/lcov/trace.lcov_base
Capturing coverage data from ..
Found gcov version: 7.4.0
Scanning .. for .gcno files ...
Out of memory!
Found 367 graph files in ..
Processing src/logname.gcno
Processing src/uname-uname.gcno
Processing src/rmdir.gcno
Processing src/comm.gcno
Processing src/numfmt.gcno
Processing src/pr.gcno
Processing src/chown.gcno
Processing src/src_sha384sum-md5sum.gcno
Processing src/stat.gcno
Processing src/dirname.gcno
Processing src/pathchk.gcno
Processing src/cat.gcno
Processing src/chmod.gcno
Processing src/true.gcno
Processing src/seq.gcno
Processing src/group-list.gcno
Processing src/expr.gcno
Processing src/src_sha512sum-md5sum.gcno
Processing src/csplit.gcno
Processing src/mkdir.gcno
Processing src/uptime.gcno
Processing src/expand.gcno
Processing src/ptx.gcno
Processing src/factor.gcno
Processing src/shred.gcno
Processing src/nl.gcno
Processing src/version.gcno
Processing src/getlimits.gcno
Processing src/tty.gcno
Processing src/sort.gcno
Processing src/env.gcno
Processing src/whoami.gcno
Processing src/src_md5sum-md5sum.gcno
Processing src/find-mount-point.gcno
Processing src/yes.gcno
Processing src/mknod.gcno
Processing src/chgrp.gcno
Processing src/split.gcno
Processing src/ls-dir.gcno
Processing src/pwd.gcno
Processing src/selinux.gcno
Processing src/src_sha224sum-md5sum.gcno
Processing src/truncate.gcno
Processing src/uname.gcno
Processing src/rm.gcno
Processing src/chcon.gcno
Processing src/echo.gcno
Processing src/pinky.gcno
Processing src/unexpand.gcno
Processing src/lbracket.gcno
Processing src/ls-vdir.gcno
Processing src/join.gcno
Processing src/touch.gcno
Processing src/src_ginstall-install.gcno
Processing src/src_sha256sum-md5sum.gcno
Processing src/src_ginstall-extent-scan.gcno
Processing src/prog-fprintf.gcno
Processing src/runcon.gcno
Processing src/chroot.gcno
Processing src/du.gcno
Processing src/copy.gcno
Processing src/src_ginstall-prog-fprintf.gcno
Processing src/dd.gcno
Processing src/chown-core.gcno
Processing src/make-prime-list.gcno
Processing src/basename.gcno
Processing src/tac.gcno
Processing src/false.gcno
Processing src/users.gcno
Processing src/cut.gcno
Processing src/hostid.gcno
Processing src/base64.gcno
Processing src/ls-ls.gcno
Processing src/uniq.gcno
Processing src/unlink.gcno
Processing src/nice.gcno
Processing src/cp-hash.gcno
Processing src/wc.gcno
Processing src/sleep.gcno
Processing src/relpath.gcno
Processing src/src_ginstall-cp-hash.gcno
Processing src/head.gcno
Processing src/mktemp.gcno
Processing src/extent-scan.gcno
Processing src/id.gcno
Processing src/cksum.gcno
Processing src/sync.gcno
Processing src/ln.gcno
Processing src/nohup.gcno
Processing src/link.gcno
Processing src/tee.gcno
Processing src/readlink.gcno
Processing src/operand2sig.gcno
Processing src/nproc.gcno
Processing src/od.gcno
Processing src/who.gcno
Processing src/kill.gcno
Processing src/test.gcno
Processing src/stdbuf.gcno
Processing src/src_ginstall-copy.gcno
Processing src/dircolors.gcno
Processing src/remove.gcno
Processing src/fmt.gcno
Processing src/realpath.gcno
Processing src/df.gcno
Processing src/fold.gcno
Processing src/tail.gcno
Processing src/shuf.gcno
Processing src/paste.gcno
Processing src/tr.gcno
Processing src/sum.gcno
Processing src/groups.gcno
Processing src/cp.gcno
Processing src/printenv.gcno
Processing src/src_sha1sum-md5sum.gcno
Processing src/date.gcno
Processing src/mv.gcno
Processing src/stty.gcno
Processing src/tsort.gcno
Processing src/ls.gcno
Processing src/src_libstdbuf_so-libstdbuf.gcno
Processing src/timeout.gcno
Processing src/src_ginstall-selinux.gcno
Processing src/printf.gcno
Processing src/mkfifo.gcno
Processing lib/dirname-lgpl.gcno
Processing lib/malloca.gcno
Processing lib/fpurge.gcno
Processing lib/memchr2.gcno
Processing lib/dtotimespec.gcno
Processing lib/localcharset.gcno
Processing lib/cycle-check.gcno
Processing lib/ldtoastr.gcno
Processing lib/hash-pjw.gcno
Processing lib/file-set.gcno
Processing lib/strnumcmp.gcno
Processing lib/idcache.gcno
Processing lib/fseek.gcno
Processing lib/cloexec.gcno
Processing lib/memcasecmp.gcno
Processing lib/filemode.gcno
Processing lib/wctype-h.gcno
Processing lib/dirname.gcno
Processing lib/full-read.gcno
Processing lib/areadlink-with-size.gcno
Processing lib/readutmp.gcno
Processing lib/xvasprintf.gcno
Processing lib/exitfail.gcno
Processing lib/sha1.gcno
Processing lib/mgetgroups.gcno
Processing lib/glthread/tls.gcno
Processing lib/glthread/threadlib.gcno
Processing lib/glthread/lock.gcno
Processing lib/fcntl.gcno
Processing lib/quotearg.gcno
Processing lib/qcopy-acl.gcno
Processing lib/inttostr.gcno
Processing lib/dup-safer-flag.gcno
Processing lib/xstrtol.gcno
Processing lib/vfprintf.gcno

*** Imported 219 new test cases from: ../../mopt-empty2-base64//queue

[+] AFL test case: id:000000,orig:rand.b64 (0 / 219), cycle: 0
    lines......: 0.4% (123 of 31588 lines)
    functions..: 0.8% (14 of 1678 functions)

    Coverage diff (init) id:000000,orig:rand.b64
diff (init) -> id:000000,orig:rand.b64
New src file: /home/ubuntu/lava_corpus/LAVA-M/base64/coreutils-8.24-lava-safe-gcov/lib/base64.c
  New 'function' coverage: base64_decode_ctx()
  New 'function' coverage: base64_decode_ctx_init()
  New 'function' coverage: decode_4()
  New 'line' coverage: 338
  New 'line' coverage: 340
  New 'line' coverage: 341
  New 'line' coverage: 409
  New 'line' coverage: 412
  New 'line' coverage: 413
  New 'line' coverage: 414
  New 'line' coverage: 552
  New 'line' coverage: 556
  New 'line' coverage: 557
  New 'line' coverage: 558
  New 'line' coverage: 559
  New 'line' coverage: 561
  New 'line' coverage: 563
  New 'line' coverage: 564
  New 'line' coverage: 569
  New 'line' coverage: 570
  New 'line' coverage: 571
  New 'line' coverage: 577
  New 'line' coverage: 578
  New 'line' coverage: 579
  New 'line' coverage: 580
  New 'line' coverage: 581
  New 'line' coverage: 582
  New 'line' coverage: 583
  New 'line' coverage: 584
  New 'line' coverage: 585
  New 'line' coverage: 586
  New 'line' coverage: 587
  New 'line' coverage: 588
  New 'line' coverage: 589
  New 'line' coverage: 596
  New 'line' coverage: 597
  New 'line' coverage: 601
  New 'line' coverage: 603
  New 'line' coverage: 604
  New 'line' coverage: 605
  New 'line' coverage: 668
  New 'line' coverage: 670
New src file: /home/ubuntu/lava_corpus/LAVA-M/base64/coreutils-8.24-lava-safe-gcov/lib/progname.c
  New 'function' coverage: set_program_name()
  New 'line' coverage: 39
  New 'line' coverage: 51
  New 'line' coverage: 59
  New 'line' coverage: 60
  New 'line' coverage: 61
  New 'line' coverage: 84
  New 'line' coverage: 90
  New 'line' coverage: 92
New src file: /home/ubuntu/lava_corpus/LAVA-M/base64/coreutils-8.24-lava-safe-gcov/src/base64.c
  New 'function' coverage: do_decode()
  New 'function' coverage: lava_get()
  New 'function' coverage: lava_set()
  New 'function' coverage: main()
  New 'line' coverage: 11
  New 'line' coverage: 12
  New 'line' coverage: 13
  New 'line' coverage: 19
  New 'line' coverage: 199
  New 'line' coverage: 206
  New 'line' coverage: 214
  New 'line' coverage: 217
  New 'line' coverage: 219
  New 'line' coverage: 229
  New 'line' coverage: 231
  New 'line' coverage: 234
  New 'line' coverage: 240
  New 'line' coverage: 242
  New 'line' coverage: 243
  New 'line' coverage: 244
  New 'line' coverage: 245
  New 'line' coverage: 247
  New 'line' coverage: 250
  New 'line' coverage: 254
  New 'line' coverage: 255
  New 'line' coverage: 258
  New 'line' coverage: 265
  New 'line' coverage: 267
  New 'line' coverage: 269
  New 'line' coverage: 272
  New 'line' coverage: 273
  New 'line' coverage: 274
  New 'line' coverage: 275
  New 'line' coverage: 277
  New 'line' coverage: 279
  New 'line' coverage: 280
  New 'line' coverage: 282
  New 'line' coverage: 283
  New 'line' coverage: 284
  New 'line' coverage: 305
  New 'line' coverage: 311
  New 'line' coverage: 314
  New 'line' coverage: 316
  New 'line' coverage: 320
  New 'line' coverage: 329
  New 'line' coverage: 331
  New 'line' coverage: 332
  New 'line' coverage: 336
  New 'line' coverage: 344
  New 'line' coverage: 5
New src file: /home/ubuntu/lava_corpus/LAVA-M/base64/coreutils-8.24-lava-safe-gcov/lib/close-stream.c
  New 'function' coverage: close_stream()
  New 'line' coverage: 57
  New 'line' coverage: 59
  New 'line' coverage: 60
  New 'line' coverage: 61
  New 'line' coverage: 71
  New 'line' coverage: 78
New src file: /home/ubuntu/lava_corpus/LAVA-M/base64/coreutils-8.24-lava-safe-gcov/lib/stdio.h
  New 'function' coverage: rpl_fclose()
  New 'function' coverage: rpl_fflush()
  New 'line' coverage: 486
  New 'line' coverage: 530
New src file: /home/ubuntu/lava_corpus/LAVA-M/base64/coreutils-8.24-lava-safe-gcov/lib/fclose.c
  New 'line' coverage: 104
  New 'line' coverage: 110
  New 'line' coverage: 59
  New 'line' coverage: 61
  New 'line' coverage: 64
  New 'line' coverage: 65
  New 'line' coverage: 71
  New 'line' coverage: 72
  New 'line' coverage: 99
New src file: /home/ubuntu/lava_corpus/LAVA-M/base64/coreutils-8.24-lava-safe-gcov/lib/fadvise.c
  New 'function' coverage: fadvise()
  New 'function' coverage: fdadvise()
  New 'line' coverage: 31
  New 'line' coverage: 34
  New 'line' coverage: 36
  New 'line' coverage: 39
  New 'line' coverage: 41
  New 'line' coverage: 42
  New 'line' coverage: 43
New src file: /home/ubuntu/lava_corpus/LAVA-M/base64/coreutils-8.24-lava-safe-gcov/lib/closeout.c
  New 'function' coverage: close_stdout()
  New 'line' coverage: 107
  New 'line' coverage: 109
  New 'line' coverage: 122
  New 'line' coverage: 124
New src file: /home/ubuntu/lava_corpus/LAVA-M/base64/coreutils-8.24-lava-safe-gcov/lib/fflush.c
  New 'line' coverage: 149
  New 'line' coverage: 150

[+] AFL test case: id:000001,src:000000,op:flip1,pos:0,+cov (1 / 219), cycle: 0
    lines......: 0.6% (180 of 31588 lines)
    functions..: 0.9% (15 of 1678 functions)

    Coverage diff id:000000,orig:rand.b64 id:000001,src:000000,op:flip1,pos:0,+cov
diff id:000000,orig:rand.b64 -> id:000001,src:000000,op:flip1,pos:0,+cov
Src file: /home/ubuntu/lava_corpus/LAVA-M/base64/coreutils-8.24-lava-safe-gcov/lib/base64.c
  New 'function' coverage: get_4()
  New 'line' coverage: 351
  New 'line' coverage: 355
  New 'line' coverage: 358
  New 'line' coverage: 360
  New 'line' coverage: 361
  New 'line' coverage: 376
  New 'line' coverage: 377
  New 'line' coverage: 379
  New 'line' coverage: 380
  New 'line' coverage: 382
  New 'line' coverage: 383
  New 'line' coverage: 388
  New 'line' coverage: 389
  New 'line' coverage: 390
  New 'line' coverage: 609
  New 'line' coverage: 610
  New 'line' coverage: 613
  New 'line' coverage: 616
  New 'line' coverage: 617
  New 'line' coverage: 618
  New 'line' coverage: 619
  New 'line' coverage: 620
  New 'line' coverage: 621
  New 'line' coverage: 622
  New 'line' coverage: 623
  New 'line' coverage: 624
  New 'line' coverage: 625
  New 'line' coverage: 626
  New 'line' coverage: 627
  New 'line' coverage: 628
  New 'line' coverage: 629
  New 'line' coverage: 630
  New 'line' coverage: 631
  New 'line' coverage: 632
  New 'line' coverage: 633
  New 'line' coverage: 634
  New 'line' coverage: 635
  New 'line' coverage: 642
  New 'line' coverage: 644
  New 'line' coverage: 645
  New 'line' coverage: 647
  New 'line' coverage: 648
  New 'line' coverage: 649
  New 'line' coverage: 650
  New 'line' coverage: 651
  New 'line' coverage: 652
  New 'line' coverage: 653
  New 'line' coverage: 654
  New 'line' coverage: 655
  New 'line' coverage: 656
  New 'line' coverage: 657
  New 'line' coverage: 658
  New 'line' coverage: 659
  New 'line' coverage: 660
  New 'line' coverage: 661
  New 'line' coverage: 662
Src file: /home/ubuntu/lava_corpus/LAVA-M/base64/coreutils-8.24-lava-safe-gcov/src/base64.c
  New 'line' coverage: 251

[+] AFL test case: id:000002,src:000000,op:ext_UI,pos:0,+cov (2 / 219), cycle: 0
    lines......: 0.6% (198 of 31588 lines)
    functions..: 1.0% (17 of 1678 functions)

    Coverage diff id:000001,src:000000,op:flip1,pos:0,+cov id:000002,src:000000,op:ext_UI,pos:0,+cov
diff id:000001,src:000000,op:flip1,pos:0,+cov -> id:000002,src:000000,op:ext_UI,pos:0,+cov
Src file: /home/ubuntu/lava_corpus/LAVA-M/base64/coreutils-8.24-lava-safe-gcov/lib/base64.c
  New 'function' coverage: isbase64()
  New 'function' coverage: to_uchar()
  New 'line' coverage: 331
  New 'line' coverage: 333
  New 'line' coverage: 362
  New 'line' coverage: 363
  New 'line' coverage: 364
  New 'line' coverage: 365
  New 'line' coverage: 416
  New 'line' coverage: 417
  New 'line' coverage: 418
  New 'line' coverage: 419
  New 'line' coverage: 420
  New 'line' coverage: 421
  New 'line' coverage: 422
  New 'line' coverage: 423
  New 'line' coverage: 424
  New 'line' coverage: 433
  New 'line' coverage: 59
  New 'line' coverage: 61

[+] AFL test case: id:000003,src:000000,op:ext_UI,pos:0,+cov (3 / 219), cycle: 0
    lines......: 0.7% (230 of 31588 lines)
    functions..: 1.0% (17 of 1678 functions)

    Coverage diff id:000002,src:000000,op:ext_UI,pos:0,+cov id:000003,src:000000,op:ext_UI,pos:0,+cov
diff id:000002,src:000000,op:ext_UI,pos:0,+cov -> id:000003,src:000000,op:ext_UI,pos:0,+cov
Src file: /home/ubuntu/lava_corpus/LAVA-M/base64/coreutils-8.24-lava-safe-gcov/lib/base64.c
  New 'line' coverage: 425
  New 'line' coverage: 426
  New 'line' coverage: 427
  New 'line' coverage: 428
  New 'line' coverage: 429
  New 'line' coverage: 430
  New 'line' coverage: 431
  New 'line' coverage: 432
  New 'line' coverage: 435
  New 'line' coverage: 437
  New 'line' coverage: 438
  New 'line' coverage: 439
  New 'line' coverage: 440
  New 'line' coverage: 441
  New 'line' coverage: 442
  New 'line' coverage: 443
  New 'line' coverage: 444
  New 'line' coverage: 445
  New 'line' coverage: 446
  New 'line' coverage: 447
  New 'line' coverage: 448
  New 'line' coverage: 449
  New 'line' coverage: 450
  New 'line' coverage: 451
  New 'line' coverage: 454
  New 'line' coverage: 457
  New 'line' coverage: 467
  New 'line' coverage: 468
  New 'line' coverage: 469
  New 'line' coverage: 470
  New 'line' coverage: 471
  New 'line' coverage: 472

[+] AFL test case: id:000004,src:000000,op:ext_UI,pos:0,+cov (4 / 219), cycle: 0
    lines......: 0.9% (271 of 31588 lines)
    functions..: 1.0% (17 of 1678 functions)

    Coverage diff id:000003,src:000000,op:ext_UI,pos:0,+cov id:000004,src:000000,op:ext_UI,pos:0,+cov
diff id:000003,src:000000,op:ext_UI,pos:0,+cov -> id:000004,src:000000,op:ext_UI,pos:0,+cov
Src file: /home/ubuntu/lava_corpus/LAVA-M/base64/coreutils-8.24-lava-safe-gcov/lib/base64.c
  New 'line' coverage: 474
  New 'line' coverage: 476
  New 'line' coverage: 477
  New 'line' coverage: 478
  New 'line' coverage: 479
  New 'line' coverage: 480
  New 'line' coverage: 481
  New 'line' coverage: 482
  New 'line' coverage: 483
  New 'line' coverage: 484
  New 'line' coverage: 487
  New 'line' coverage: 490
  New 'line' coverage: 497
  New 'line' coverage: 498
  New 'line' coverage: 499
  New 'line' coverage: 500
  New 'line' coverage: 501
  New 'line' coverage: 502
  New 'line' coverage: 503
  New 'line' coverage: 504
  New 'line' coverage: 505
  New 'line' coverage: 508
  New 'line' coverage: 510
  New 'line' coverage: 511
  New 'line' coverage: 512
  New 'line' coverage: 513
  New 'line' coverage: 514
  New 'line' coverage: 515
  New 'line' coverage: 516
  New 'line' coverage: 517
  New 'line' coverage: 518
  New 'line' coverage: 519
  New 'line' coverage: 520
  New 'line' coverage: 521
  New 'line' coverage: 522
  New 'line' coverage: 523
  New 'line' coverage: 524
  New 'line' coverage: 529
  New 'line' coverage: 530
  New 'line' coverage: 591
  New 'line' coverage: 592

[+] AFL test case: id:000005,src:000000,op:ext_UI,pos:0,+cov (5 / 219), cycle: 0
    lines......: 0.9% (274 of 31588 lines)
    functions..: 1.0% (17 of 1678 functions)

    Coverage diff id:000004,src:000000,op:ext_UI,pos:0,+cov id:000005,src:000000,op:ext_UI,pos:0,+cov
diff id:000004,src:000000,op:ext_UI,pos:0,+cov -> id:000005,src:000000,op:ext_UI,pos:0,+cov
Src file: /home/ubuntu/lava_corpus/LAVA-M/base64/coreutils-8.24-lava-safe-gcov/lib/base64.c
  New 'line' coverage: 368
  New 'line' coverage: 369
  New 'line' coverage: 370

[+] AFL test case: id:000006,src:000000,op:ext_UI,pos:0 (6 / 219), cycle: 0
    lines......: 0.9% (274 of 31588 lines)
    functions..: 1.0% (17 of 1678 functions)
[+] AFL test case: id:000007,src:000000,op:ext_UI,pos:0,+cov (7 / 219), cycle: 0
    lines......: 0.9% (275 of 31588 lines)
    functions..: 1.0% (17 of 1678 functions)

    Coverage diff id:000006,src:000000,op:ext_UI,pos:0 id:000007,src:000000,op:ext_UI,pos:0,+cov
diff id:000006,src:000000,op:ext_UI,pos:0 -> id:000007,src:000000,op:ext_UI,pos:0,+cov
Src file: /home/ubuntu/lava_corpus/LAVA-M/base64/coreutils-8.24-lava-safe-gcov/lib/base64.c
  New 'line' coverage: 506

[+] AFL test case: id:000008,src:000000,op:ext_UI,pos:0 (8 / 219), cycle: 0
    lines......: 0.9% (275 of 31588 lines)
    functions..: 1.0% (17 of 1678 functions)
[+] AFL test case: id:000009,src:000000,op:ext_UI,pos:0,+cov (9 / 219), cycle: 0
    lines......: 0.9% (275 of 31588 lines)
    functions..: 1.0% (17 of 1678 functions)
[+] AFL test case: id:000010,src:000000,op:ext_UI,pos:0 (10 / 219), cycle: 0
    lines......: 0.9% (275 of 31588 lines)
    functions..: 1.0% (17 of 1678 functions)
[+] AFL test case: id:000011,src:000000,op:ext_UI,pos:0 (11 / 219), cycle: 0
    lines......: 0.9% (275 of 31588 lines)
    functions..: 1.0% (17 of 1678 functions)
[+] AFL test case: id:000012,src:000000,op:ext_UI,pos:0,+cov (12 / 219), cycle: 0
    lines......: 0.9% (276 of 31588 lines)
    functions..: 1.0% (17 of 1678 functions)

    Coverage diff id:000011,src:000000,op:ext_UI,pos:0 id:000012,src:000000,op:ext_UI,pos:0,+cov
diff id:000011,src:000000,op:ext_UI,pos:0 -> id:000012,src:000000,op:ext_UI,pos:0,+cov
Src file: /home/ubuntu/lava_corpus/LAVA-M/base64/coreutils-8.24-lava-safe-gcov/lib/base64.c
  New 'line' coverage: 455

[+] AFL test case: id:000013,src:000000,op:ext_UI,pos:0,+cov (13 / 219), cycle: 0
    lines......: 0.9% (277 of 31588 lines)
    functions..: 1.0% (17 of 1678 functions)

    Coverage diff id:000012,src:000000,op:ext_UI,pos:0,+cov id:000013,src:000000,op:ext_UI,pos:0,+cov
diff id:000012,src:000000,op:ext_UI,pos:0,+cov -> id:000013,src:000000,op:ext_UI,pos:0,+cov
Src file: /home/ubuntu/lava_corpus/LAVA-M/base64/coreutils-8.24-lava-safe-gcov/lib/base64.c
  New 'line' coverage: 488

[+] AFL test case: id:000014,src:000000,op:ext_UI,pos:0 (14 / 219), cycle: 0
    lines......: 0.9% (277 of 31588 lines)
    functions..: 1.0% (17 of 1678 functions)
[+] AFL test case: id:000015,src:000000,op:ext_UI,pos:0 (15 / 219), cycle: 0
    lines......: 0.9% (277 of 31588 lines)
    functions..: 1.0% (17 of 1678 functions)
[+] AFL test case: id:000016,src:000000,op:ext_UI,pos:0 (16 / 219), cycle: 0
    lines......: 0.9% (277 of 31588 lines)
    functions..: 1.0% (17 of 1678 functions)
[+] AFL test case: id:000017,src:000000,op:ext_UI,pos:0 (17 / 219), cycle: 0
    lines......: 0.9% (277 of 31588 lines)
    functions..: 1.0% (17 of 1678 functions)
[+] AFL test case: id:000018,src:000000,op:ext_UI,pos:0 (18 / 219), cycle: 0
    lines......: 0.9% (277 of 31588 lines)
    functions..: 1.0% (17 of 1678 functions)
[+] AFL test case: id:000019,src:000000,op:ext_UI,pos:0 (19 / 219), cycle: 0
    lines......: 0.9% (277 of 31588 lines)
    functions..: 1.0% (17 of 1678 functions)
[+] AFL test case: id:000020,src:000000,op:ext_UI,pos:0 (20 / 219), cycle: 0
    lines......: 0.9% (277 of 31588 lines)
    functions..: 1.0% (17 of 1678 functions)
[+] AFL test case: id:000021,src:000000,op:ext_UI,pos:0 (21 / 219), cycle: 0
    lines......: 0.9% (277 of 31588 lines)
    functions..: 1.0% (17 of 1678 functions)
[+] AFL test case: id:000022,src:000000,op:ext_UI,pos:0 (22 / 219), cycle: 0
    lines......: 0.9% (277 of 31588 lines)
    functions..: 1.0% (17 of 1678 functions)
[+] AFL test case: id:000023,src:000000,op:ext_UI,pos:0 (23 / 219), cycle: 0
    lines......: 0.9% (277 of 31588 lines)
    functions..: 1.0% (17 of 1678 functions)
[+] AFL test case: id:000024,src:000000,op:ext_UI,pos:0 (24 / 219), cycle: 0
    lines......: 0.9% (277 of 31588 lines)
    functions..: 1.0% (17 of 1678 functions)
[+] AFL test case: id:000025,src:000000,op:ext_UI,pos:0 (25 / 219), cycle: 0
    lines......: 0.9% (277 of 31588 lines)
    functions..: 1.0% (17 of 1678 functions)
[+] AFL test case: id:000026,src:000000,op:ext_UI,pos:1 (26 / 219), cycle: 0
    lines......: 0.9% (277 of 31588 lines)
    functions..: 1.0% (17 of 1678 functions)
[+] AFL test case: id:000027,src:000000,op:ext_UI,pos:1,+cov (27 / 219), cycle: 0
    lines......: 0.9% (278 of 31588 lines)
    functions..: 1.0% (17 of 1678 functions)

    Coverage diff id:000026,src:000000,op:ext_UI,pos:1 id:000027,src:000000,op:ext_UI,pos:1,+cov
diff id:000026,src:000000,op:ext_UI,pos:1 -> id:000027,src:000000,op:ext_UI,pos:1,+cov
Src file: /home/ubuntu/lava_corpus/LAVA-M/base64/coreutils-8.24-lava-safe-gcov/lib/base64.c
  New 'line' coverage: 492

[+] AFL test case: id:000028,src:000000,op:ext_UI,pos:1 (28 / 219), cycle: 0
    lines......: 0.9% (278 of 31588 lines)
    functions..: 1.0% (17 of 1678 functions)
[+] AFL test case: id:000029,src:000000,op:ext_UI,pos:1 (29 / 219), cycle: 0
    lines......: 0.9% (278 of 31588 lines)
    functions..: 1.0% (17 of 1678 functions)
[+] AFL test case: id:000030,src:000000,op:ext_UI,pos:1 (30 / 219), cycle: 0
    lines......: 0.9% (278 of 31588 lines)
    functions..: 1.0% (17 of 1678 functions)
[+] AFL test case: id:000031,src:000000,op:MOpt havoc,rep:8 (31 / 219), cycle: 0
    lines......: 0.9% (278 of 31588 lines)
    functions..: 1.0% (17 of 1678 functions)
[+] AFL test case: id:000032,src:000000,op:MOpt havoc,rep:8 (32 / 219), cycle: 0
    lines......: 0.9% (278 of 31588 lines)
    functions..: 1.0% (17 of 1678 functions)
[+] AFL test case: id:000033,src:000000,op:MOpt havoc,rep:16 (33 / 219), cycle: 0
    lines......: 0.9% (278 of 31588 lines)
    functions..: 1.0% (17 of 1678 functions)
[+] AFL test case: id:000034,src:000000,op:MOpt havoc,rep:4 (34 / 219), cycle: 0
    lines......: 0.9% (278 of 31588 lines)
    functions..: 1.0% (17 of 1678 functions)
[+] AFL test case: id:000035,src:000000,op:MOpt havoc,rep:4,+cov (35 / 219), cycle: 0
    lines......: 0.9% (278 of 31588 lines)
    functions..: 1.0% (17 of 1678 functions)
[+] AFL test case: id:000036,src:000000,op:MOpt havoc,rep:4 (36 / 219), cycle: 0
    lines......: 0.9% (278 of 31588 lines)
    functions..: 1.0% (17 of 1678 functions)
[+] AFL test case: id:000037,src:000000,op:MOpt havoc,rep:32 (37 / 219), cycle: 0
    lines......: 0.9% (278 of 31588 lines)
    functions..: 1.0% (17 of 1678 functions)
[+] AFL test case: id:000038,src:000000,op:MOpt havoc,rep:32 (38 / 219), cycle: 0
    lines......: 0.9% (278 of 31588 lines)
    functions..: 1.0% (17 of 1678 functions)
[+] AFL test case: id:000039,src:000000,op:MOpt havoc,rep:128 (39 / 219), cycle: 0
    lines......: 0.9% (278 of 31588 lines)
    functions..: 1.0% (17 of 1678 functions)
[+] AFL test case: id:000040,src:000000,op:MOpt havoc,rep:128 (40 / 219), cycle: 0
    lines......: 0.9% (278 of 31588 lines)
    functions..: 1.0% (17 of 1678 functions)
[+] AFL test case: id:000041,src:000000,op:MOpt havoc,rep:8 (41 / 219), cycle: 0
    lines......: 0.9% (278 of 31588 lines)
    functions..: 1.0% (17 of 1678 functions)
[+] AFL test case: id:000042,src:000000,op:MOpt havoc,rep:8 (42 / 219), cycle: 0
    lines......: 0.9% (278 of 31588 lines)
    functions..: 1.0% (17 of 1678 functions)
[+] AFL test case: id:000043,src:000000,op:MOpt havoc,rep:16 (43 / 219), cycle: 0
    lines......: 0.9% (278 of 31588 lines)
    functions..: 1.0% (17 of 1678 functions)
[+] AFL test case: id:000044,src:000000,op:MOpt havoc,rep:128 (44 / 219), cycle: 0
    lines......: 0.9% (278 of 31588 lines)
    functions..: 1.0% (17 of 1678 functions)
[+] AFL test case: id:000045,src:000000,op:MOpt havoc,rep:2 (45 / 219), cycle: 0
    lines......: 0.9% (278 of 31588 lines)
    functions..: 1.0% (17 of 1678 functions)
[+] AFL test case: id:000046,src:000000,op:MOpt havoc,rep:4 (46 / 219), cycle: 0
    lines......: 0.9% (278 of 31588 lines)
    functions..: 1.0% (17 of 1678 functions)
[+] AFL test case: id:000047,src:000000,op:MOpt havoc,rep:16,+cov (47 / 219), cycle: 0
    lines......: 0.9% (278 of 31588 lines)
    functions..: 1.0% (17 of 1678 functions)
[+] AFL test case: id:000048,src:000000,op:MOpt havoc,rep:8 (48 / 219), cycle: 0
    lines......: 0.9% (278 of 31588 lines)
    functions..: 1.0% (17 of 1678 functions)
[+] AFL test case: id:000049,src:000000,op:MOpt havoc,rep:64,+cov (49 / 219), cycle: 0
    lines......: 0.9% (278 of 31588 lines)
    functions..: 1.0% (17 of 1678 functions)
[+] AFL test case: id:000050,src:000001,op:ext_UI,pos:0,+cov (50 / 219), cycle: 0
    lines......: 0.9% (280 of 31588 lines)
    functions..: 1.0% (17 of 1678 functions)

    Coverage diff id:000049,src:000000,op:MOpt havoc,rep:64,+cov id:000050,src:000001,op:ext_UI,pos:0,+cov
diff id:000049,src:000000,op:MOpt havoc,rep:64,+cov -> id:000050,src:000001,op:ext_UI,pos:0,+cov
Src file: /home/ubuntu/lava_corpus/LAVA-M/base64/coreutils-8.24-lava-safe-gcov/lib/base64.c
  New 'line' coverage: 384
Src file: /home/ubuntu/lava_corpus/LAVA-M/base64/coreutils-8.24-lava-safe-gcov/src/base64.c
  New 'line' coverage: 14

[+] AFL test case: id:000051,src:000001,op:ext_UI,pos:0,+cov (51 / 219), cycle: 0
    lines......: 0.9% (280 of 31588 lines)
    functions..: 1.0% (17 of 1678 functions)
[+] AFL test case: id:000052,src:000001,op:ext_UI,pos:0,+cov (52 / 219), cycle: 0
    lines......: 0.9% (280 of 31588 lines)
    functions..: 1.0% (17 of 1678 functions)
[+] AFL test case: id:000053,src:000001,op:ext_UI,pos:0,+cov (53 / 219), cycle: 0
    lines......: 0.9% (280 of 31588 lines)
    functions..: 1.0% (17 of 1678 functions)
[+] AFL test case: id:000054,src:000001,op:ext_UI,pos:0,+cov (54 / 219), cycle: 0
    lines......: 0.9% (280 of 31588 lines)
    functions..: 1.0% (17 of 1678 functions)
[+] AFL test case: id:000055,src:000001,op:ext_UI,pos:0,+cov (55 / 219), cycle: 0
    lines......: 0.9% (282 of 31588 lines)
    functions..: 1.0% (17 of 1678 functions)

    Coverage diff id:000054,src:000001,op:ext_UI,pos:0,+cov id:000055,src:000001,op:ext_UI,pos:0,+cov
diff id:000054,src:000001,op:ext_UI,pos:0,+cov -> id:000055,src:000001,op:ext_UI,pos:0,+cov
Src file: /home/ubuntu/lava_corpus/LAVA-M/base64/coreutils-8.24-lava-safe-gcov/lib/base64.c
  New 'line' coverage: 493
  New 'line' coverage: 664

[+] AFL test case: id:000056,src:000001,op:ext_UI,pos:0,+cov (56 / 219), cycle: 0
    lines......: 0.9% (282 of 31588 lines)
    functions..: 1.0% (17 of 1678 functions)
[+] AFL test case: id:000057,src:000001,op:ext_UI,pos:0,+cov (57 / 219), cycle: 0
    lines......: 0.9% (282 of 31588 lines)
    functions..: 1.0% (17 of 1678 functions)
[+] AFL test case: id:000058,src:000001,op:ext_UI,pos:0,+cov (58 / 219), cycle: 0
    lines......: 0.9% (282 of 31588 lines)
    functions..: 1.0% (17 of 1678 functions)
[+] AFL test case: id:000059,src:000001,op:ext_UI,pos:0,+cov (59 / 219), cycle: 0
    lines......: 0.9% (282 of 31588 lines)
    functions..: 1.0% (17 of 1678 functions)
[+] AFL test case: id:000060,src:000001,op:ext_UI,pos:0,+cov (60 / 219), cycle: 0
    lines......: 0.9% (282 of 31588 lines)
    functions..: 1.0% (17 of 1678 functions)
[+] AFL test case: id:000061,src:000001,op:ext_UI,pos:0,+cov (61 / 219), cycle: 0
    lines......: 0.9% (282 of 31588 lines)
    functions..: 1.0% (17 of 1678 functions)
[+] AFL test case: id:000062,src:000001,op:ext_UI,pos:0,+cov (62 / 219), cycle: 0
    lines......: 0.9% (282 of 31588 lines)
    functions..: 1.0% (17 of 1678 functions)
[+] AFL test case: id:000063,src:000001,op:ext_UI,pos:0,+cov (63 / 219), cycle: 0
    lines......: 0.9% (282 of 31588 lines)
    functions..: 1.0% (17 of 1678 functions)
[+] AFL test case: id:000064,src:000001,op:MOpt havoc,rep:32,+cov (64 / 219), cycle: 0
    lines......: 0.9% (282 of 31588 lines)
    functions..: 1.0% (17 of 1678 functions)
[+] AFL test case: id:000065,src:000002,op:ext_UI,pos:0 (65 / 219), cycle: 0
    lines......: 0.9% (282 of 31588 lines)
    functions..: 1.0% (17 of 1678 functions)
[+] AFL test case: id:000066,src:000003,op:ext_UI,pos:0 (66 / 219), cycle: 0
    lines......: 0.9% (282 of 31588 lines)
    functions..: 1.0% (17 of 1678 functions)
[+] AFL test case: id:000067,src:000003,op:ext_UI,pos:2,+cov (67 / 219), cycle: 0
    lines......: 0.9% (285 of 31588 lines)
    functions..: 1.0% (17 of 1678 functions)

    Coverage diff id:000066,src:000003,op:ext_UI,pos:0 id:000067,src:000003,op:ext_UI,pos:2,+cov
diff id:000066,src:000003,op:ext_UI,pos:0 -> id:000067,src:000003,op:ext_UI,pos:2,+cov
Src file: /home/ubuntu/lava_corpus/LAVA-M/base64/coreutils-8.24-lava-safe-gcov/lib/base64.c
  New 'line' coverage: 459
  New 'line' coverage: 460
  New 'line' coverage: 462

[+] AFL test case: id:000068,src:000003,op:MOpt havoc,rep:4 (68 / 219), cycle: 0
    lines......: 0.9% (285 of 31588 lines)
    functions..: 1.0% (17 of 1678 functions)
[+] AFL test case: id:000069,src:000007,op:arith8,pos:2,val:-24 (69 / 219), cycle: 0
    lines......: 0.9% (286 of 31588 lines)
    functions..: 1.0% (17 of 1678 functions)

    Coverage diff id:000068,src:000003,op:MOpt havoc,rep:4 id:000069,src:000007,op:arith8,pos:2,val:-24
diff id:000068,src:000003,op:MOpt havoc,rep:4 -> id:000069,src:000007,op:arith8,pos:2,val:-24
Src file: /home/ubuntu/lava_corpus/LAVA-M/base64/coreutils-8.24-lava-safe-gcov/lib/base64.c
  New 'line' coverage: 463

[+] AFL test case: id:000070,src:000007,op:ext_UI,pos:0 (70 / 219), cycle: 0
    lines......: 0.9% (286 of 31588 lines)
    functions..: 1.0% (17 of 1678 functions)
[+] AFL test case: id:000071,src:000007,op:ext_UI,pos:0 (71 / 219), cycle: 0
    lines......: 0.9% (286 of 31588 lines)
    functions..: 1.0% (17 of 1678 functions)
[+] AFL test case: id:000072,src:000007,op:ext_UI,pos:3 (72 / 219), cycle: 0
    lines......: 0.9% (286 of 31588 lines)
    functions..: 1.0% (17 of 1678 functions)
[+] AFL test case: id:000073,src:000027,op:ext_UI,pos:1 (73 / 219), cycle: 0
    lines......: 0.9% (286 of 31588 lines)
    functions..: 1.0% (17 of 1678 functions)
[+] AFL test case: id:000074,src:000027,op:ext_UI,pos:3 (74 / 219), cycle: 0
    lines......: 0.9% (286 of 31588 lines)
    functions..: 1.0% (17 of 1678 functions)
[+] AFL test case: id:000075,src:000027,op:ext_UI,pos:4 (75 / 219), cycle: 0
    lines......: 0.9% (286 of 31588 lines)
    functions..: 1.0% (17 of 1678 functions)
[+] AFL test case: id:000076,src:000027,op:MOpt havoc,rep:2,+cov (76 / 219), cycle: 0
    lines......: 0.9% (286 of 31588 lines)
    functions..: 1.0% (17 of 1678 functions)
[+] AFL test case: id:000077,src:000027,op:MOpt havoc,rep:2 (77 / 219), cycle: 0
    lines......: 0.9% (286 of 31588 lines)
    functions..: 1.0% (17 of 1678 functions)
[+] AFL test case: id:000078,src:000027,op:MOpt havoc,rep:4 (78 / 219), cycle: 0
    lines......: 0.9% (286 of 31588 lines)
    functions..: 1.0% (17 of 1678 functions)
[+] AFL test case: id:000079,src:000027,op:MOpt havoc,rep:8 (79 / 219), cycle: 0
    lines......: 0.9% (286 of 31588 lines)
    functions..: 1.0% (17 of 1678 functions)
[+] AFL test case: id:000080,src:000027,op:MOpt havoc,rep:2 (80 / 219), cycle: 0
    lines......: 0.9% (286 of 31588 lines)
    functions..: 1.0% (17 of 1678 functions)
[+] AFL test case: id:000081,src:000027,op:MOpt havoc,rep:4 (81 / 219), cycle: 0
    lines......: 0.9% (286 of 31588 lines)
    functions..: 1.0% (17 of 1678 functions)
[+] AFL test case: id:000082,src:000027,op:MOpt havoc,rep:2 (82 / 219), cycle: 0
    lines......: 0.9% (286 of 31588 lines)
    functions..: 1.0% (17 of 1678 functions)
[+] AFL test case: id:000083,src:000027,op:MOpt havoc,rep:4 (83 / 219), cycle: 0
    lines......: 0.9% (286 of 31588 lines)
    functions..: 1.0% (17 of 1678 functions)
[+] AFL test case: id:000084,src:000027,op:MOpt havoc,rep:4 (84 / 219), cycle: 0
    lines......: 0.9% (286 of 31588 lines)
    functions..: 1.0% (17 of 1678 functions)
[+] AFL test case: id:000085,src:000027,op:MOpt havoc,rep:8 (85 / 219), cycle: 0
    lines......: 0.9% (286 of 31588 lines)
    functions..: 1.0% (17 of 1678 functions)
[+] AFL test case: id:000086,src:000027,op:MOpt havoc,rep:2 (86 / 219), cycle: 0
    lines......: 0.9% (286 of 31588 lines)
    functions..: 1.0% (17 of 1678 functions)
[+] AFL test case: id:000087,src:000027,op:MOpt havoc,rep:4 (87 / 219), cycle: 0
    lines......: 0.9% (286 of 31588 lines)
    functions..: 1.0% (17 of 1678 functions)
[+] AFL test case: id:000088,src:000029,op:ext_UI,pos:0,+cov (88 / 219), cycle: 0
    lines......: 0.9% (287 of 31588 lines)
    functions..: 1.0% (17 of 1678 functions)

    Coverage diff id:000087,src:000027,op:MOpt havoc,rep:4 id:000088,src:000029,op:ext_UI,pos:0,+cov
diff id:000087,src:000027,op:MOpt havoc,rep:4 -> id:000088,src:000029,op:ext_UI,pos:0,+cov
Src file: /home/ubuntu/lava_corpus/LAVA-M/base64/coreutils-8.24-lava-safe-gcov/lib/base64.c
  New 'line' coverage: 356

[+] AFL test case: id:000089,src:000029,op:ext_UI,pos:0 (89 / 219), cycle: 0
    lines......: 0.9% (287 of 31588 lines)
    functions..: 1.0% (17 of 1678 functions)
[+] AFL test case: id:000090,src:000037,op:ext_UI,pos:0 (90 / 219), cycle: 0
    lines......: 0.9% (287 of 31588 lines)
    functions..: 1.0% (17 of 1678 functions)
[+] AFL test case: id:000091,src:000050,op:MOpt havoc,rep:4 (91 / 219), cycle: 0
    lines......: 0.9% (287 of 31588 lines)
    functions..: 1.0% (17 of 1678 functions)
[+] AFL test case: id:000092,src:000089,op:MOpt havoc,rep:2 (92 / 219), cycle: 0
    lines......: 0.9% (287 of 31588 lines)
    functions..: 1.0% (17 of 1678 functions)
[+] AFL test case: id:000093,src:000089,op:MOpt havoc,rep:2 (93 / 219), cycle: 0
    lines......: 0.9% (287 of 31588 lines)
    functions..: 1.0% (17 of 1678 functions)
[+] AFL test case: id:000094,src:000089,op:MOpt havoc,rep:2 (94 / 219), cycle: 0
    lines......: 0.9% (287 of 31588 lines)
    functions..: 1.0% (17 of 1678 functions)
[+] AFL test case: id:000095,src:000089,op:MOpt havoc,rep:4 (95 / 219), cycle: 0
    lines......: 0.9% (287 of 31588 lines)
    functions..: 1.0% (17 of 1678 functions)
[+] AFL test case: id:000096,src:000089,op:MOpt havoc,rep:2 (96 / 219), cycle: 0
    lines......: 0.9% (287 of 31588 lines)
    functions..: 1.0% (17 of 1678 functions)
[+] AFL test case: id:000097,src:000089,op:MOpt havoc,rep:2,+cov (97 / 219), cycle: 0
    lines......: 0.9% (287 of 31588 lines)
    functions..: 1.0% (17 of 1678 functions)
[+] AFL test case: id:000098,src:000089,op:MOpt havoc,rep:2 (98 / 219), cycle: 0
    lines......: 0.9% (287 of 31588 lines)
    functions..: 1.0% (17 of 1678 functions)
[+] AFL test case: id:000099,src:000089,op:MOpt havoc,rep:2 (99 / 219), cycle: 0
    lines......: 0.9% (287 of 31588 lines)
    functions..: 1.0% (17 of 1678 functions)
[+] AFL test case: id:000100,src:000089,op:MOpt havoc,rep:2 (100 / 219), cycle: 0
    lines......: 0.9% (287 of 31588 lines)
    functions..: 1.0% (17 of 1678 functions)
[+] AFL test case: id:000101,src:000089,op:MOpt havoc,rep:4 (101 / 219), cycle: 0
    lines......: 0.9% (287 of 31588 lines)
    functions..: 1.0% (17 of 1678 functions)
[+] AFL test case: id:000102,src:000007,op:MOpt havoc,rep:2 (102 / 219), cycle: 0
    lines......: 0.9% (287 of 31588 lines)
    functions..: 1.0% (17 of 1678 functions)
[+] AFL test case: id:000103,src:000037,op:MOpt havoc,rep:64 (103 / 219), cycle: 0
    lines......: 0.9% (287 of 31588 lines)
    functions..: 1.0% (17 of 1678 functions)
[+] AFL test case: id:000104,src:000067,op:MOpt havoc,rep:4 (104 / 219), cycle: 0
    lines......: 0.9% (287 of 31588 lines)
    functions..: 1.0% (17 of 1678 functions)
[+] AFL test case: id:000105,src:000000,op:MOpt havoc,rep:64,+cov (105 / 219), cycle: 0
    lines......: 0.9% (287 of 31588 lines)
    functions..: 1.0% (17 of 1678 functions)
[+] AFL test case: id:000106,src:000000,op:MOpt havoc,rep:4 (106 / 219), cycle: 0
    lines......: 0.9% (287 of 31588 lines)
    functions..: 1.0% (17 of 1678 functions)
[+] AFL test case: id:000107,src:000000,op:MOpt havoc,rep:32 (107 / 219), cycle: 0
    lines......: 0.9% (287 of 31588 lines)
    functions..: 1.0% (17 of 1678 functions)
[+] AFL test case: id:000108,src:000000,op:MOpt havoc,rep:16 (108 / 219), cycle: 0
    lines......: 0.9% (287 of 31588 lines)
    functions..: 1.0% (17 of 1678 functions)
[+] AFL test case: id:000109,src:000000,op:MOpt havoc,rep:32,+cov (109 / 219), cycle: 0
    lines......: 0.9% (287 of 31588 lines)
    functions..: 1.0% (17 of 1678 functions)
[+] AFL test case: id:000110,src:000000,op:MOpt havoc,rep:16 (110 / 219), cycle: 0
    lines......: 0.9% (287 of 31588 lines)
    functions..: 1.0% (17 of 1678 functions)
[+] AFL test case: id:000111,src:000000,op:MOpt havoc,rep:4 (111 / 219), cycle: 0
    lines......: 0.9% (287 of 31588 lines)
    functions..: 1.0% (17 of 1678 functions)
[+] AFL test case: id:000112,src:000000,op:MOpt havoc,rep:16 (112 / 219), cycle: 0
    lines......: 0.9% (287 of 31588 lines)
    functions..: 1.0% (17 of 1678 functions)
[+] AFL test case: id:000113,src:000001,op:MOpt havoc,rep:8 (113 / 219), cycle: 0
    lines......: 0.9% (287 of 31588 lines)
    functions..: 1.0% (17 of 1678 functions)
[+] AFL test case: id:000114,src:000027,op:MOpt havoc,rep:4 (114 / 219), cycle: 0
    lines......: 0.9% (287 of 31588 lines)
    functions..: 1.0% (17 of 1678 functions)
[+] AFL test case: id:000115,src:000027,op:MOpt havoc,rep:32 (115 / 219), cycle: 0
    lines......: 0.9% (287 of 31588 lines)
    functions..: 1.0% (17 of 1678 functions)
[+] AFL test case: id:000116,src:000027,op:MOpt havoc,rep:16,+cov (116 / 219), cycle: 0
    lines......: 0.9% (287 of 31588 lines)
    functions..: 1.0% (17 of 1678 functions)
[+] AFL test case: id:000117,src:000027,op:MOpt havoc,rep:2 (117 / 219), cycle: 0
    lines......: 0.9% (287 of 31588 lines)
    functions..: 1.0% (17 of 1678 functions)
[+] AFL test case: id:000118,src:000027,op:MOpt havoc,rep:16 (118 / 219), cycle: 0
    lines......: 0.9% (287 of 31588 lines)
    functions..: 1.0% (17 of 1678 functions)
[+] AFL test case: id:000119,src:000037,op:MOpt havoc,rep:128 (119 / 219), cycle: 0
    lines......: 0.9% (287 of 31588 lines)
    functions..: 1.0% (17 of 1678 functions)
[+] AFL test case: id:000120,src:000037,op:MOpt havoc,rep:128 (120 / 219), cycle: 0
    lines......: 0.9% (287 of 31588 lines)
    functions..: 1.0% (17 of 1678 functions)
[+] AFL test case: id:000121,src:000037,op:MOpt havoc,rep:8 (121 / 219), cycle: 0
    lines......: 0.9% (287 of 31588 lines)
    functions..: 1.0% (17 of 1678 functions)
[+] AFL test case: id:000122,src:000037,op:MOpt havoc,rep:4 (122 / 219), cycle: 0
    lines......: 0.9% (287 of 31588 lines)
    functions..: 1.0% (17 of 1678 functions)
[+] AFL test case: id:000123,src:000037,op:MOpt havoc,rep:8 (123 / 219), cycle: 0
    lines......: 0.9% (287 of 31588 lines)
    functions..: 1.0% (17 of 1678 functions)
[+] AFL test case: id:000124,src:000037,op:MOpt havoc,rep:2 (124 / 219), cycle: 0
    lines......: 0.9% (287 of 31588 lines)
    functions..: 1.0% (17 of 1678 functions)
[+] AFL test case: id:000125,src:000047,op:MOpt havoc,rep:4 (125 / 219), cycle: 0
    lines......: 0.9% (287 of 31588 lines)
    functions..: 1.0% (17 of 1678 functions)
[+] AFL test case: id:000126,src:000047,op:MOpt havoc,rep:8 (126 / 219), cycle: 0
    lines......: 0.9% (287 of 31588 lines)
    functions..: 1.0% (17 of 1678 functions)
[+] AFL test case: id:000127,src:000053,op:MOpt havoc,rep:32 (127 / 219), cycle: 0
    lines......: 0.9% (287 of 31588 lines)
    functions..: 1.0% (17 of 1678 functions)
[+] AFL test case: id:000128,src:000069,op:MOpt core havoc,rep:64 (128 / 219), cycle: 0
    lines......: 0.9% (287 of 31588 lines)
    functions..: 1.0% (17 of 1678 functions)
[+] AFL test case: id:000129,src:000104,op:MOpt core havoc,rep:4 (129 / 219), cycle: 0
    lines......: 0.9% (287 of 31588 lines)
    functions..: 1.0% (17 of 1678 functions)
[+] AFL test case: id:000130,src:000104,op:MOpt core havoc,rep:2 (130 / 219), cycle: 0
    lines......: 0.9% (287 of 31588 lines)
    functions..: 1.0% (17 of 1678 functions)
[+] AFL test case: id:000131,src:000122,op:MOpt core havoc,rep:4 (131 / 219), cycle: 0
    lines......: 0.9% (287 of 31588 lines)
    functions..: 1.0% (17 of 1678 functions)
[+] AFL test case: id:000132,src:000122,op:MOpt core havoc,rep:8 (132 / 219), cycle: 0
    lines......: 0.9% (287 of 31588 lines)
    functions..: 1.0% (17 of 1678 functions)
[+] AFL test case: id:000133,src:000122,op:MOpt core havoc,rep:2 (133 / 219), cycle: 0
    lines......: 0.9% (287 of 31588 lines)
    functions..: 1.0% (17 of 1678 functions)
[+] AFL test case: id:000134,src:000122,op:MOpt core havoc,rep:4 (134 / 219), cycle: 0
    lines......: 0.9% (287 of 31588 lines)
    functions..: 1.0% (17 of 1678 functions)
[+] AFL test case: id:000135,src:000122,op:MOpt core havoc,rep:4 (135 / 219), cycle: 0
    lines......: 0.9% (287 of 31588 lines)
    functions..: 1.0% (17 of 1678 functions)
[+] AFL test case: id:000136,src:000122,op:MOpt core havoc,rep:2 (136 / 219), cycle: 0
    lines......: 0.9% (287 of 31588 lines)
    functions..: 1.0% (17 of 1678 functions)
[+] AFL test case: id:000137,src:000091,op:MOpt core havoc,rep:2 (137 / 219), cycle: 0
    lines......: 0.9% (287 of 31588 lines)
    functions..: 1.0% (17 of 1678 functions)
[+] AFL test case: id:000138,src:000122,op:MOpt core havoc,rep:2 (138 / 219), cycle: 0
    lines......: 0.9% (287 of 31588 lines)
    functions..: 1.0% (17 of 1678 functions)
[+] AFL test case: id:000139,src:000122,op:MOpt core havoc,rep:4 (139 / 219), cycle: 0
    lines......: 0.9% (287 of 31588 lines)
    functions..: 1.0% (17 of 1678 functions)
[+] AFL test case: id:000140,src:000091,op:MOpt core havoc,rep:2 (140 / 219), cycle: 0
    lines......: 0.9% (287 of 31588 lines)
    functions..: 1.0% (17 of 1678 functions)
[+] AFL test case: id:000141,src:000029+000125,op:MOpt core splice,rep:2 (141 / 219), cycle: 0
    lines......: 0.9% (287 of 31588 lines)
    functions..: 1.0% (17 of 1678 functions)
[+] AFL test case: id:000142,src:000029+000125,op:MOpt core splice,rep:2 (142 / 219), cycle: 0
    lines......: 0.9% (287 of 31588 lines)
    functions..: 1.0% (17 of 1678 functions)
[+] AFL test case: id:000143,src:000052+000099,op:MOpt core splice,rep:2 (143 / 219), cycle: 0
    lines......: 0.9% (287 of 31588 lines)
    functions..: 1.0% (17 of 1678 functions)
[+] AFL test case: id:000144,src:000052+000099,op:MOpt core splice,rep:2 (144 / 219), cycle: 0
    lines......: 0.9% (287 of 31588 lines)
    functions..: 1.0% (17 of 1678 functions)
[+] AFL test case: id:000145,src:000052+000099,op:MOpt core splice,rep:2 (145 / 219), cycle: 0
    lines......: 0.9% (287 of 31588 lines)
    functions..: 1.0% (17 of 1678 functions)
[+] AFL test case: id:000146,src:000052+000099,op:MOpt core splice,rep:2 (146 / 219), cycle: 0
    lines......: 0.9% (287 of 31588 lines)
    functions..: 1.0% (17 of 1678 functions)
[+] AFL test case: id:000147,src:000057+000146,op:MOpt core splice,rep:4 (147 / 219), cycle: 0
    lines......: 0.9% (287 of 31588 lines)
    functions..: 1.0% (17 of 1678 functions)
[+] AFL test case: id:000148,src:000059+000138,op:MOpt core splice,rep:4 (148 / 219), cycle: 0
    lines......: 0.9% (287 of 31588 lines)
    functions..: 1.0% (17 of 1678 functions)
[+] AFL test case: id:000149,src:000119,op:MOpt core havoc,rep:2 (149 / 219), cycle: 0
    lines......: 0.9% (287 of 31588 lines)
    functions..: 1.0% (17 of 1678 functions)
[+] AFL test case: id:000150,src:000055+000086,op:MOpt core splice,rep:4 (150 / 219), cycle: 0
    lines......: 0.9% (287 of 31588 lines)
    functions..: 1.0% (17 of 1678 functions)
[+] AFL test case: id:000151,src:000062+000102,op:MOpt core splice,rep:2 (151 / 219), cycle: 0
    lines......: 0.9% (287 of 31588 lines)
    functions..: 1.0% (17 of 1678 functions)
[+] AFL test case: id:000152,src:000029+000151,op:MOpt splice,rep:2 (152 / 219), cycle: 0
    lines......: 0.9% (287 of 31588 lines)
    functions..: 1.0% (17 of 1678 functions)
[+] AFL test case: id:000153,src:000063+000147,op:MOpt splice,rep:2 (153 / 219), cycle: 0
    lines......: 0.9% (287 of 31588 lines)
    functions..: 1.0% (17 of 1678 functions)
[+] AFL test case: id:000154,src:000063+000147,op:MOpt splice,rep:2 (154 / 219), cycle: 0
    lines......: 0.9% (287 of 31588 lines)
    functions..: 1.0% (17 of 1678 functions)
[+] AFL test case: id:000155,src:000140,op:MOpt havoc,rep:4 (155 / 219), cycle: 0
    lines......: 0.9% (287 of 31588 lines)
    functions..: 1.0% (17 of 1678 functions)
[+] AFL test case: id:000156,src:000145+000114,op:MOpt splice,rep:2 (156 / 219), cycle: 0
    lines......: 0.9% (287 of 31588 lines)
    functions..: 1.0% (17 of 1678 functions)
[+] AFL test case: id:000157,src:000047+000148,op:MOpt splice,rep:4 (157 / 219), cycle: 0
    lines......: 0.9% (287 of 31588 lines)
    functions..: 1.0% (17 of 1678 functions)
[+] AFL test case: id:000158,src:000051+000140,op:MOpt splice,rep:8 (158 / 219), cycle: 0
    lines......: 0.9% (287 of 31588 lines)
    functions..: 1.0% (17 of 1678 functions)
[+] AFL test case: id:000159,src:000060+000158,op:MOpt splice,rep:8 (159 / 219), cycle: 0
    lines......: 0.9% (287 of 31588 lines)
    functions..: 1.0% (17 of 1678 functions)
[+] AFL test case: id:000160,src:000002+000156,op:MOpt splice,rep:2 (160 / 219), cycle: 0
    lines......: 0.9% (287 of 31588 lines)
    functions..: 1.0% (17 of 1678 functions)
[+] AFL test case: id:000161,src:000029+000160,op:MOpt splice,rep:2 (161 / 219), cycle: 0
    lines......: 0.9% (287 of 31588 lines)
    functions..: 1.0% (17 of 1678 functions)
[+] AFL test case: id:000162,src:000029+000160,op:MOpt splice,rep:4 (162 / 219), cycle: 0
    lines......: 0.9% (287 of 31588 lines)
    functions..: 1.0% (17 of 1678 functions)
[+] AFL test case: id:000163,src:000029+000160,op:MOpt splice,rep:2 (163 / 219), cycle: 0
    lines......: 0.9% (287 of 31588 lines)
    functions..: 1.0% (17 of 1678 functions)
[+] AFL test case: id:000164,src:000029+000160,op:MOpt splice,rep:2 (164 / 219), cycle: 0
    lines......: 0.9% (287 of 31588 lines)
    functions..: 1.0% (17 of 1678 functions)
[+] AFL test case: id:000165,src:000140+000154,op:MOpt splice,rep:2 (165 / 219), cycle: 0
    lines......: 0.9% (287 of 31588 lines)
    functions..: 1.0% (17 of 1678 functions)
[+] AFL test case: id:000166,src:000165,op:MOpt havoc,rep:4 (166 / 219), cycle: 0
    lines......: 0.9% (287 of 31588 lines)
    functions..: 1.0% (17 of 1678 functions)
[+] AFL test case: id:000167,src:000165,op:MOpt havoc,rep:2 (167 / 219), cycle: 0
    lines......: 0.9% (287 of 31588 lines)
    functions..: 1.0% (17 of 1678 functions)
[+] AFL test case: id:000168,src:000165,op:MOpt havoc,rep:2 (168 / 219), cycle: 0
    lines......: 0.9% (287 of 31588 lines)
    functions..: 1.0% (17 of 1678 functions)
[+] AFL test case: id:000169,src:000165,op:MOpt havoc,rep:4 (169 / 219), cycle: 0
    lines......: 0.9% (287 of 31588 lines)
    functions..: 1.0% (17 of 1678 functions)
[+] AFL test case: id:000170,src:000047,op:MOpt havoc,rep:2 (170 / 219), cycle: 0
    lines......: 0.9% (287 of 31588 lines)
    functions..: 1.0% (17 of 1678 functions)
[+] AFL test case: id:000171,src:000002+000102,op:MOpt core splice,rep:2 (171 / 219), cycle: 0
    lines......: 0.9% (287 of 31588 lines)
    functions..: 1.0% (17 of 1678 functions)
[+] AFL test case: id:000172,src:000053+000159,op:MOpt core splice,rep:4 (172 / 219), cycle: 0
    lines......: 0.9% (287 of 31588 lines)
    functions..: 1.0% (17 of 1678 functions)
[+] AFL test case: id:000173,src:000056+000170,op:MOpt core splice,rep:4 (173 / 219), cycle: 0
    lines......: 0.9% (287 of 31588 lines)
    functions..: 1.0% (17 of 1678 functions)
[+] AFL test case: id:000174,src:000130,op:MOpt core havoc,rep:2 (174 / 219), cycle: 0
    lines......: 0.9% (287 of 31588 lines)
    functions..: 1.0% (17 of 1678 functions)
[+] AFL test case: id:000175,src:000053+000174,op:MOpt core splice,rep:2 (175 / 219), cycle: 0
    lines......: 0.9% (287 of 31588 lines)
    functions..: 1.0% (17 of 1678 functions)
[+] AFL test case: id:000176,src:000053+000174,op:MOpt core splice,rep:4 (176 / 219), cycle: 0
    lines......: 0.9% (287 of 31588 lines)
    functions..: 1.0% (17 of 1678 functions)
[+] AFL test case: id:000177,src:000053+000172,op:MOpt core splice,rep:2 (177 / 219), cycle: 0
    lines......: 0.9% (287 of 31588 lines)
    functions..: 1.0% (17 of 1678 functions)
[+] AFL test case: id:000178,src:000067+000169,op:MOpt core splice,rep:2 (178 / 219), cycle: 0
    lines......: 0.9% (287 of 31588 lines)
    functions..: 1.0% (17 of 1678 functions)
[+] AFL test case: id:000179,src:000037+000177,op:MOpt core splice,rep:2 (179 / 219), cycle: 0
    lines......: 0.9% (287 of 31588 lines)
    functions..: 1.0% (17 of 1678 functions)
[+] AFL test case: id:000180,src:000037,op:MOpt core havoc,rep:2 (180 / 219), cycle: 0
    lines......: 0.9% (287 of 31588 lines)
    functions..: 1.0% (17 of 1678 functions)
[+] AFL test case: id:000181,src:000179,op:MOpt havoc,rep:4 (181 / 219), cycle: 0
    lines......: 0.9% (287 of 31588 lines)
    functions..: 1.0% (17 of 1678 functions)
[+] AFL test case: id:000182,src:000054+000171,op:MOpt splice,rep:2 (182 / 219), cycle: 0
    lines......: 0.9% (287 of 31588 lines)
    functions..: 1.0% (17 of 1678 functions)
[+] AFL test case: id:000183,src:000153+000182,op:MOpt core splice,rep:8 (183 / 219), cycle: 0
    lines......: 0.9% (287 of 31588 lines)
    functions..: 1.0% (17 of 1678 functions)
[+] AFL test case: id:000184,src:000140+000156,op:MOpt splice,rep:2 (184 / 219), cycle: 0
    lines......: 0.9% (287 of 31588 lines)
    functions..: 1.0% (17 of 1678 functions)
[+] AFL test case: id:000185,src:000163+000126,op:MOpt splice,rep:2 (185 / 219), cycle: 0
    lines......: 0.9% (287 of 31588 lines)
    functions..: 1.0% (17 of 1678 functions)
[+] AFL test case: id:000186,src:000044+000181,op:MOpt splice,rep:2 (186 / 219), cycle: 0
    lines......: 0.9% (287 of 31588 lines)
    functions..: 1.0% (17 of 1678 functions)
[+] AFL test case: id:000187,src:000053+000161,op:MOpt splice,rep:2 (187 / 219), cycle: 0
    lines......: 0.9% (287 of 31588 lines)
    functions..: 1.0% (17 of 1678 functions)
[+] AFL test case: id:000188,src:000053+000184,op:MOpt splice,rep:2 (188 / 219), cycle: 0
    lines......: 0.9% (287 of 31588 lines)
    functions..: 1.0% (17 of 1678 functions)
[+] AFL test case: id:000189,src:000057+000175,op:MOpt core splice,rep:4 (189 / 219), cycle: 0
    lines......: 0.9% (287 of 31588 lines)
    functions..: 1.0% (17 of 1678 functions)
[+] AFL test case: id:000190,src:000013+000183,op:MOpt splice,rep:4 (190 / 219), cycle: 0
    lines......: 0.9% (287 of 31588 lines)
    functions..: 1.0% (17 of 1678 functions)
[+] AFL test case: id:000191,src:000054+000168,op:MOpt core splice,rep:4 (191 / 219), cycle: 0
    lines......: 0.9% (287 of 31588 lines)
    functions..: 1.0% (17 of 1678 functions)
[+] AFL test case: id:000192,src:000055+000191,op:MOpt core splice,rep:2 (192 / 219), cycle: 0
    lines......: 0.9% (287 of 31588 lines)
    functions..: 1.0% (17 of 1678 functions)
[+] AFL test case: id:000193,src:000071+000183,op:MOpt core splice,rep:2 (193 / 219), cycle: 0
    lines......: 0.9% (287 of 31588 lines)
    functions..: 1.0% (17 of 1678 functions)
[+] AFL test case: id:000194,src:000062+000193,op:MOpt core splice,rep:4 (194 / 219), cycle: 0
    lines......: 0.9% (287 of 31588 lines)
    functions..: 1.0% (17 of 1678 functions)
[+] AFL test case: id:000195,src:000052+000153,op:MOpt splice,rep:2 (195 / 219), cycle: 0
    lines......: 0.9% (287 of 31588 lines)
    functions..: 1.0% (17 of 1678 functions)
[+] AFL test case: id:000196,src:000067+000195,op:MOpt splice,rep:8 (196 / 219), cycle: 0
    lines......: 0.9% (287 of 31588 lines)
    functions..: 1.0% (17 of 1678 functions)
[+] AFL test case: id:000197,src:000067+000195,op:MOpt splice,rep:4 (197 / 219), cycle: 0
    lines......: 0.9% (287 of 31588 lines)
    functions..: 1.0% (17 of 1678 functions)
[+] AFL test case: id:000198,src:000057+000183,op:MOpt splice,rep:4 (198 / 219), cycle: 0
    lines......: 0.9% (287 of 31588 lines)
    functions..: 1.0% (17 of 1678 functions)
[+] AFL test case: id:000199,src:000053+000169,op:MOpt splice,rep:8,+cov (199 / 219), cycle: 0
    lines......: 0.9% (287 of 31588 lines)
    functions..: 1.0% (17 of 1678 functions)
[+] AFL test case: id:000200,src:000199,op:MOpt havoc,rep:16 (200 / 219), cycle: 0
    lines......: 0.9% (287 of 31588 lines)
    functions..: 1.0% (17 of 1678 functions)
[+] AFL test case: id:000201,src:000199,op:MOpt havoc,rep:2 (201 / 219), cycle: 0
    lines......: 0.9% (287 of 31588 lines)
    functions..: 1.0% (17 of 1678 functions)
[+] AFL test case: id:000202,src:000199,op:MOpt havoc,rep:4 (202 / 219), cycle: 0
    lines......: 0.9% (287 of 31588 lines)
    functions..: 1.0% (17 of 1678 functions)
[+] AFL test case: id:000203,src:000199,op:MOpt havoc,rep:2 (203 / 219), cycle: 0
    lines......: 0.9% (287 of 31588 lines)
    functions..: 1.0% (17 of 1678 functions)
[+] AFL test case: id:000204,src:000199,op:MOpt havoc,rep:2 (204 / 219), cycle: 0
    lines......: 0.9% (287 of 31588 lines)
    functions..: 1.0% (17 of 1678 functions)
[+] AFL test case: id:000205,src:000199,op:MOpt havoc,rep:4 (205 / 219), cycle: 0
    lines......: 0.9% (287 of 31588 lines)
    functions..: 1.0% (17 of 1678 functions)
[+] AFL test case: id:000206,src:000199,op:MOpt core havoc,rep:8 (206 / 219), cycle: 0
    lines......: 0.9% (287 of 31588 lines)
    functions..: 1.0% (17 of 1678 functions)
[+] AFL test case: id:000207,src:000057+000201,op:MOpt core splice,rep:16,+cov (207 / 219), cycle: 0
    lines......: 0.9% (287 of 31588 lines)
    functions..: 1.0% (17 of 1678 functions)
[+] AFL test case: id:000208,src:000207,op:MOpt core havoc,rep:8 (208 / 219), cycle: 0
    lines......: 0.9% (287 of 31588 lines)
    functions..: 1.0% (17 of 1678 functions)
[+] AFL test case: id:000209,src:000207,op:MOpt core havoc,rep:2 (209 / 219), cycle: 0
    lines......: 0.9% (287 of 31588 lines)
    functions..: 1.0% (17 of 1678 functions)
[+] AFL test case: id:000210,src:000207,op:MOpt core havoc,rep:8 (210 / 219), cycle: 0
    lines......: 0.9% (287 of 31588 lines)
    functions..: 1.0% (17 of 1678 functions)
[+] AFL test case: id:000211,src:000207,op:MOpt core havoc,rep:4 (211 / 219), cycle: 0
    lines......: 0.9% (287 of 31588 lines)
    functions..: 1.0% (17 of 1678 functions)
[+] AFL test case: id:000212,src:000207,op:MOpt core havoc,rep:8 (212 / 219), cycle: 0
    lines......: 0.9% (287 of 31588 lines)
    functions..: 1.0% (17 of 1678 functions)
[+] AFL test case: id:000213,src:000207,op:MOpt core havoc,rep:16 (213 / 219), cycle: 0
    lines......: 0.9% (287 of 31588 lines)
    functions..: 1.0% (17 of 1678 functions)
[+] AFL test case: id:000214,src:000207,op:MOpt core havoc,rep:2 (214 / 219), cycle: 0
    lines......: 0.9% (287 of 31588 lines)
    functions..: 1.0% (17 of 1678 functions)
[+] AFL test case: id:000215,src:000208+000198,op:MOpt splice,rep:4 (215 / 219), cycle: 0
    lines......: 0.9% (287 of 31588 lines)
    functions..: 1.0% (17 of 1678 functions)
[+] AFL test case: id:000216,src:000051+000186,op:MOpt splice,rep:4 (216 / 219), cycle: 0
    lines......: 0.9% (287 of 31588 lines)
    functions..: 1.0% (17 of 1678 functions)
[+] AFL test case: id:000217,src:000071+000193,op:MOpt splice,rep:8 (217 / 219), cycle: 0
    lines......: 0.9% (287 of 31588 lines)
    functions..: 1.0% (17 of 1678 functions)
[+] AFL test case: id:000218,src:000059+000190,op:MOpt splice,rep:2 (218 / 219), cycle: 0
    lines......: 0.9% (287 of 31588 lines)
    functions..: 1.0% (17 of 1678 functions)
[+] Processed 219 / 219 test cases.

[+] Final zero coverage report: ../../mopt-empty2-base64//cov/zero-cov
[+] Final positive coverage report: ../../mopt-empty2-base64//cov/pos-cov
    lines......: 0.9% (287 of 31588 lines)
    functions..: 1.0% (17 of 1678 functions)
[+] Final lcov web report: ../../mopt-empty2-base64//cov/web/index.html
